2024/11/17 14:47:46 open Movementle5.png: no such file or directory
2024/11/17 14:47:46 name not exist
2024/11/17 14:47:46 open Movementle5.png: no such file or directory
2024/11/17 14:47:46 name not exist
2024/11/17 14:47:46 open Movementba2.png: no such file or directory
2024/11/17 14:47:46 name not exist
2024/11/17 14:47:46 open Movementri2.png: no such file or directory
2024/11/17 14:47:46 name not exist
2024/11/17 14:47:46 open Movementle3.png: no such file or directory
2024/11/17 14:47:46 name not exist
2024/11/17 14:47:46 open Movementst6.png: no such file or directory
2024/11/17 14:47:46 name not exist
2024/11/17 14:47:46 open Movementle2.png: no such file or directory
2024/11/17 14:47:46 name not exist
2024/11/17 14:47:46 open Movementba3.png: no such file or directory
2024/11/17 14:47:46 name not exist
2024/11/17 14:47:46 open Movementle2.png: no such file or directory
2024/11/17 14:47:46 name not exist
2024/11/17 14:47:47 open Movementle6.png: no such file or directory
2024/11/17 14:47:47 name not exist
2024/11/17 14:47:47 open Movementle2.png: no such file or directory
2024/11/17 14:47:47 name not exist
2024/11/17 14:47:47 open Movementle3.png: no such file or directory
2024/11/17 14:47:47 name not exist
2024/11/17 14:47:47 open Movementba5.png: no such file or directory
2024/11/17 14:47:47 name not exist
2024/11/17 14:47:47 open Movementst4.png: no such file or directory
2024/11/17 14:47:47 name not exist
2024/11/17 14:47:47 open Movementba2.png: no such file or directory
2024/11/17 14:47:47 name not exist
2024/11/17 14:47:47 open Movementba1.png: no such file or directory
2024/11/17 14:47:47 name not exist
2024/11/17 14:47:47 open Movementri4.png: no such file or directory
2024/11/17 14:47:47 name not exist
2024/11/17 14:47:47 open Movementba1.png: no such file or directory
2024/11/17 14:47:47 name not exist
2024/11/17 14:47:47 open Movementle5.png: no such file or directory
2024/11/17 14:47:47 name not exist
2024/11/17 14:47:47 open Movementle5.png: no such file or directory
2024/11/17 14:47:47 name not exist
2024/11/17 14:47:47 open Movementba4.png: no such file or directory
2024/11/17 14:47:47 name not exist
2024/11/17 14:47:47 open Movementri1.png: no such file or directory
2024/11/17 14:47:47 name not exist
2024/11/17 14:47:47 open Movementri4.png: no such file or directory
2024/11/17 14:47:47 name not exist
2024/11/17 14:47:47 open Movementle6.png: no such file or directory
2024/11/17 14:47:47 name not exist
2024/11/17 14:47:47 open Movementri6.png: no such file or directory
2024/11/17 14:47:47 name not exist
2024/11/17 14:47:47 open Movementba2.png: no such file or directory
2024/11/17 14:47:47 name not exist
2024/11/17 14:47:47 open Movementba2.png: no such file or directory
2024/11/17 14:47:47 name not exist
2024/11/17 14:47:47 open Movementri2.png: no such file or directory
2024/11/17 14:47:47 name not exist
2024/11/17 14:47:47 open Movementle6.png: no such file or directory
2024/11/17 14:47:47 name not exist
2024/11/17 14:47:47 open Movementst1.png: no such file or directory
2024/11/17 14:47:47 name not exist
2024/11/17 14:47:47 open Movementle4.png: no such file or directory
2024/11/17 14:47:47 name not exist
2024/11/17 14:47:47 open Movementa.png: no such file or directory
2024/11/17 14:47:47 open Movementba3.png: no such file or directory
2024/11/17 14:47:47 name not exist
2024/11/17 14:47:47 open Movementba6.png: no such file or directory
2024/11/17 14:47:47 name not exist
2024/11/17 14:47:47 open Movementle3.png: no such file or directory
2024/11/17 14:47:47 name not exist
2024/11/17 14:47:47 open Movementa.png: no such file or directory
2024/11/17 14:47:47 open Movementst5.png: no such file or directory
2024/11/17 14:47:47 name not exist
2024/11/17 14:47:47 open Movementle1.png: no such file or directory
2024/11/17 14:47:47 name not exist
2024/11/17 14:47:47 open Movementle5.png: no such file or directory
2024/11/17 14:47:47 name not exist
2024/11/17 14:47:47 open Movementba4.png: no such file or directory
2024/11/17 14:47:47 name not exist
2024/11/17 14:47:47 open Movementst1.png: no such file or directory
2024/11/17 14:47:47 name not exist
2024/11/17 14:47:47 open Movementa.png: no such file or directory
2024/11/17 14:47:47 open Movementba4.png: no such file or directory
2024/11/17 14:47:47 name not exist
2024/11/17 14:47:47 open Movementba3.png: no such file or directory
2024/11/17 14:47:47 name not exist
2024/11/17 14:47:47 open Movementle5.png: no such file or directory
2024/11/17 14:47:47 name not exist
2024/11/17 14:47:47 open Movementle3.png: no such file or directory
2024/11/17 14:47:47 name not exist
2024/11/17 14:47:47 open Movementri5.png: no such file or directory
2024/11/17 14:47:47 name not exist
2024/11/17 14:47:47 open Movementst2.png: no such file or directory
2024/11/17 14:47:47 name not exist
2024/11/17 14:47:47 open Movementba2.png: no such file or directory
2024/11/17 14:47:47 name not exist
2024/11/17 14:47:47 open Movementba1.png: no such file or directory
2024/11/17 14:47:47 name not exist
2024/11/17 14:47:47 open Movementba1.png: no such file or directory
2024/11/17 14:47:47 name not exist
2024/11/17 14:47:47 open Movementba4.png: no such file or directory
2024/11/17 14:47:47 name not exist
2024/11/17 14:47:47 open Movementst4.png: no such file or directory
2024/11/17 14:47:47 name not exist
2024/11/17 14:47:47 open Movementa.png: no such file or directory
2024/11/17 14:47:47 open Movementba2.png: no such file or directory
2024/11/17 14:47:47 name not exist
2024/11/17 14:47:47 open Movementri2.png: no such file or directory
2024/11/17 14:47:47 name not exist
2024/11/17 14:47:47 open Movementle4.png: no such file or directory
2024/11/17 14:47:47 name not exist
2024/11/17 14:47:47 open Movementri3.png: no such file or directory
2024/11/17 14:47:47 name not exist
2024/11/17 14:47:47 open Movementle2.png: no such file or directory
2024/11/17 14:47:47 name not exist
2024/11/17 14:47:47 open Movementba1.png: no such file or directory
2024/11/17 14:47:47 name not exist
2024/11/17 14:47:47 open Movementba5.png: no such file or directory
2024/11/17 14:47:47 name not exist
2024/11/17 14:47:47 open Movementst2.png: no such file or directory
2024/11/17 14:47:47 name not exist
2024/11/17 14:47:47 open Movementba3.png: no such file or directory
2024/11/17 14:47:47 name not exist
2024/11/17 14:47:47 open Movementri4.png: no such file or directory
2024/11/17 14:47:47 name not exist
2024/11/17 14:47:47 open Movementba1.png: no such file or directory
2024/11/17 14:47:47 name not exist
2024/11/17 14:47:47 open Movementst5.png: no such file or directory
2024/11/17 14:47:47 name not exist
2024/11/17 14:47:47 open Movementst6.png: no such file or directory
2024/11/17 14:47:47 name not exist
2024/11/17 14:47:47 open Movementle2.png: no such file or directory
2024/11/17 14:47:47 name not exist
2024/11/17 14:47:47 open Movementle2.png: no such file or directory
2024/11/17 14:47:47 name not exist
2024/11/17 14:47:48 open Movementri5.png: no such file or directory
2024/11/17 14:47:48 name not exist
2024/11/17 14:47:48 open Movementst6.png: no such file or directory
2024/11/17 14:47:48 name not exist
2024/11/17 14:47:48 open Movementri6.png: no such file or directory
2024/11/17 14:47:48 name not exist
2024/11/17 14:47:48 open Movementle6.png: no such file or directory
2024/11/17 14:47:48 name not exist
2024/11/17 14:47:48 open Movementle2.png: no such file or directory
2024/11/17 14:47:48 name not exist
2024/11/17 14:47:48 open Movementba6.png: no such file or directory
2024/11/17 14:47:48 name not exist
2024/11/17 14:47:48 open Movementle1.png: no such file or directory
2024/11/17 14:47:48 name not exist
2024/11/17 14:47:48 open Movementba1.png: no such file or directory
2024/11/17 14:47:48 name not exist
2024/11/17 14:47:48 open Movementri1.png: no such file or directory
2024/11/17 14:47:48 name not exist
2024/11/17 14:47:48 open Movementst3.png: no such file or directory
2024/11/17 14:47:48 name not exist
2024/11/17 14:47:48 open Movementba4.png: no such file or directory
2024/11/17 14:47:48 name not exist
2024/11/17 14:47:48 open Movementri4.png: no such file or directory
2024/11/17 14:47:48 name not exist
2024/11/17 14:47:48 open Movementle6.png: no such file or directory
2024/11/17 14:47:48 name not exist
2024/11/17 14:47:48 open Movementri6.png: no such file or directory
2024/11/17 14:47:48 name not exist
2024/11/17 14:47:48 open Movementle6.png: no such file or directory
2024/11/17 14:47:48 name not exist
2024/11/17 14:47:48 open Movementba2.png: no such file or directory
2024/11/17 14:47:48 name not exist
2024/11/17 14:47:48 open Movementst2.png: no such file or directory
2024/11/17 14:47:48 name not exist
2024/11/17 14:47:48 open Movementba2.png: no such file or directory
2024/11/17 14:47:48 name not exist
2024/11/17 14:47:48 open Movementa.png: no such file or directory
2024/11/17 14:47:48 open Movementri1.png: no such file or directory
2024/11/17 14:47:48 name not exist
2024/11/17 14:47:48 open Movementle5.png: no such file or directory
2024/11/17 14:47:48 name not exist
2024/11/17 14:47:48 open Movementst2.png: no such file or directory
2024/11/17 14:47:48 name not exist
2024/11/17 14:47:48 open Movementba3.png: no such file or directory
2024/11/17 14:47:48 name not exist
2024/11/17 14:47:48 open Movementba1.png: no such file or directory
2024/11/17 14:47:48 name not exist
2024/11/17 14:47:48 open Movementba1.png: no such file or directory
2024/11/17 14:47:48 name not exist
2024/11/17 14:47:48 open Movementri2.png: no such file or directory
2024/11/17 14:47:48 name not exist
2024/11/17 14:47:48 open Movementba1.png: no such file or directory
2024/11/17 14:47:48 name not exist
2024/11/17 14:47:48 open Movementba2.png: no such file or directory
2024/11/17 14:47:48 name not exist
2024/11/17 14:47:48 open Movementri3.png: no such file or directory
2024/11/17 14:47:48 name not exist
2024/11/17 14:47:48 open Movementba5.png: no such file or directory
2024/11/17 14:47:48 name not exist
2024/11/17 14:47:48 open Movementle3.png: no such file or directory
2024/11/17 14:47:48 name not exist
2024/11/17 14:47:48 open Movementba5.png: no such file or directory
2024/11/17 14:47:48 name not exist
2024/11/17 14:47:48 open Movementba2.png: no such file or directory
2024/11/17 14:47:48 name not exist
2024/11/17 14:47:48 open Movementle2.png: no such file or directory
2024/11/17 14:47:48 name not exist
2024/11/17 14:47:48 open Movementst6.png: no such file or directory
2024/11/17 14:47:48 name not exist
2024/11/17 14:47:48 open Movementri4.png: no such file or directory
2024/11/17 14:47:48 name not exist
2024/11/17 14:47:48 open Movementba4.png: no such file or directory
2024/11/17 14:47:48 name not exist
2024/11/17 14:47:48 open Movementba3.png: no such file or directory
2024/11/17 14:47:48 name not exist
